<?xml version="1.0" encoding="UTF-8"?>
<!-- Generated by org.testng.reporters.JUnitReportReporter -->
<testsuite skipped="0" hostname="DESKTOP-MV8GVAF" name="tests.LoginTests" tests="2" failures="0" timestamp="17 лист. 2019 22:28:20 GMT" time="53.853" errors="0">
  <testcase name="invalidLoginTest" time="35.162" classname="tests.LoginTests"/>
  <testcase name="validLoginTest" time="18.691" classname="tests.LoginTests"/>
</testsuite> <!-- tests.LoginTests -->
