<?xml version="1.0" encoding="UTF-8"?>
<!-- Generated by org.testng.reporters.JUnitReportReporter -->
<testsuite skipped="0" hostname="DESKTOP-MV8GVAF" name="tests.TrainingListTests" tests="2" failures="0" timestamp="19 лист. 2019 22:54:08 GMT" time="86.860" errors="0">
  <testcase name="verifyTrainingsSearchWorksProperlyForSkills" time="54.813" classname="tests.TrainingListTests"/>
  <testcase name="verifyTrainingsSearchWorksProperlyForLocations" time="32.047" classname="tests.TrainingListTests"/>
</testsuite> <!-- tests.TrainingListTests -->
