<?xml version="1.0" encoding="UTF-8"?>
<!-- Generated by org.testng.reporters.JUnitReportReporter -->
<testsuite skipped="0" hostname="DESKTOP-MV8GVAF" name="tests.TrainingListTests" tests="2" failures="0" timestamp="17 лист. 2019 22:35:41 GMT" time="133.097" errors="0">
  <testcase name="verifyTrainingsSearchWorksProperlyForSkills" time="54.606" classname="tests.TrainingListTests"/>
  <testcase name="verifyTrainingsSearchWorksProperlyForLocations" time="78.491" classname="tests.TrainingListTests"/>
</testsuite> <!-- tests.TrainingListTests -->
