<?xml version="1.0" encoding="UTF-8"?>
<!-- Generated by org.testng.reporters.JUnitReportReporter -->
<testsuite skipped="0" hostname="DESKTOP-MV8GVAF" name="tests.LoginTests" tests="2" failures="0" timestamp="19 лист. 2019 19:48:49 GMT" time="58.491" errors="0">
  <testcase name="invalidLoginTest" time="32.549" classname="tests.LoginTests"/>
  <testcase name="validLoginTest" time="25.942" classname="tests.LoginTests"/>
</testsuite> <!-- tests.LoginTests -->
