<?xml version="1.0" encoding="UTF-8"?>
<!-- Generated by org.testng.reporters.JUnitReportReporter -->
<testsuite skipped="0" hostname="DESKTOP-MV8GVAF" name="tests.TrainingListTests" tests="2" failures="0" timestamp="19 лист. 2019 19:30:06 GMT" time="82.259" errors="0">
  <testcase name="verifyTrainingsSearchWorksProperlyForSkills" time="53.221" classname="tests.TrainingListTests"/>
  <testcase name="verifyTrainingsSearchWorksProperlyForLocations" time="29.038" classname="tests.TrainingListTests"/>
</testsuite> <!-- tests.TrainingListTests -->
