<?xml version="1.0" encoding="UTF-8"?>
<!-- Generated by org.testng.reporters.JUnitReportReporter -->
<testsuite skipped="0" hostname="DESKTOP-MV8GVAF" name="tests.NewsTest" tests="1" failures="0" timestamp="17 лист. 2019 22:30:49 GMT" time="92.807" errors="0">
  <testcase name="verifyNewsPageAndMaterialsSection" time="92.807" classname="tests.NewsTest"/>
</testsuite> <!-- tests.NewsTest -->
