<?xml version="1.0" encoding="UTF-8"?>
<!-- Generated by org.testng.reporters.JUnitReportReporter -->
<testsuite skipped="0" hostname="DESKTOP-MV8GVAF" name="tests.LoginTests" tests="2" failures="0" timestamp="19 лист. 2019 19:30:06 GMT" time="59.636" errors="0">
  <testcase name="invalidLoginTest" time="32.596" classname="tests.LoginTests"/>
  <testcase name="validLoginTest" time="27.040" classname="tests.LoginTests"/>
</testsuite> <!-- tests.LoginTests -->
