<?xml version="1.0" encoding="UTF-8"?>
<!-- Generated by org.testng.reporters.JUnitReportReporter -->
<testsuite skipped="0" hostname="DESKTOP-MV8GVAF" name="tests.TrainingListTests" tests="2" failures="0" timestamp="19 лист. 2019 19:48:49 GMT" time="88.973" errors="0">
  <testcase name="verifyTrainingsSearchWorksProperlyForLocations" time="34.172" classname="tests.TrainingListTests"/>
  <testcase name="verifyTrainingsSearchWorksProperlyForSkills" time="54.801" classname="tests.TrainingListTests"/>
</testsuite> <!-- tests.TrainingListTests -->
