<?xml version="1.0" encoding="UTF-8"?>
<!-- Generated by org.testng.reporters.JUnitReportReporter -->
<testsuite skipped="0" hostname="DESKTOP-MV8GVAF" name="tests.NewsTest" tests="1" failures="0" timestamp="19 лист. 2019 19:30:06 GMT" time="10.885" errors="0">
  <testcase name="verifyNewsPageAndMaterialsSection" time="10.885" classname="tests.NewsTest"/>
</testsuite> <!-- tests.NewsTest -->
