<?xml version="1.0" encoding="UTF-8"?>
<!-- Generated by org.testng.reporters.JUnitReportReporter -->
<testsuite skipped="0" hostname="DESKTOP-MV8GVAF" name="tests.LoginTests" tests="2" failures="0" timestamp="19 лист. 2019 22:54:08 GMT" time="82.726" errors="0">
  <testcase name="invalidLoginTest" time="19.301" classname="tests.LoginTests"/>
  <testcase name="validLoginTest" time="63.425" classname="tests.LoginTests"/>
</testsuite> <!-- tests.LoginTests -->
