<?xml version="1.0" encoding="UTF-8"?>
<!-- Generated by org.testng.reporters.JUnitReportReporter -->
<testsuite skipped="0" hostname="DESKTOP-MV8GVAF" name="tests.LoginTests" tests="2" failures="0" timestamp="16 лист. 2019 23:38:21 GMT" time="21.032" errors="0">
  <testcase name="invalidLoginTest" time="16.048" classname="tests.LoginTests"/>
  <testcase name="validLoginTest" time="4.984" classname="tests.LoginTests"/>
</testsuite> <!-- tests.LoginTests -->
